2024-09-09 15:13:21 [INFO]: Request from Guest at ::1 - GET /api/v1/auth/change-password - 2024-09-09T12:13:21.849Z
2024-09-09 15:13:21 [ERROR]: Error in request from Guest at ::1 - GET /api/v1/auth/change-password - 2024-09-09T12:13:21.859Z - Error: Can't find /api/v1/auth/change-password on this server
2024-09-09 15:13:53 [INFO]: Request from Guest at ::1 - GET /api/v1/auth/change-password - 2024-09-09T12:13:53.450Z
2024-09-09 15:13:53 [ERROR]: Error in request from Guest at ::1 - GET /api/v1/auth/change-password - 2024-09-09T12:13:53.454Z - Error: Can't find /api/v1/auth/change-password on this server
2024-09-09 15:14:20 [INFO]: Request from Guest at ::1 - PATCH /api/v1/auth/change-password - 2024-09-09T12:14:20.999Z
2024-09-09 15:14:21 [ERROR]: Error in request from undefined at ::1 - PATCH /api/v1/auth/change-password - 2024-09-09T12:14:21.283Z - Error: The first argument must be of type string or an instance of Buffer, ArrayBuffer, or Array or an Array-like Object. Received undefined
2024-09-09 15:15:51 [INFO]: Request from Guest at ::1 - PATCH /api/v1/auth/change-password - 2024-09-09T12:15:51.920Z
2024-09-09 15:15:52 [ERROR]: Error in request from undefined at ::1 - PATCH /api/v1/auth/change-password - 2024-09-09T12:15:52.113Z - Error: The first argument must be of type string or an instance of Buffer, ArrayBuffer, or Array or an Array-like Object. Received undefined
2024-09-09 15:16:31 [INFO]: Request from Guest at ::1 - PATCH /api/v1/auth/change-password - 2024-09-09T12:16:31.501Z
2024-09-09 15:16:31 [ERROR]: Error in request from undefined at ::1 - PATCH /api/v1/auth/change-password - 2024-09-09T12:16:31.632Z - Error: The first argument must be of type string or an instance of Buffer, ArrayBuffer, or Array or an Array-like Object. Received undefined
2024-09-09 15:16:50 [INFO]: Request from Guest at ::1 - PATCH /api/v1/auth/change-password - 2024-09-09T12:16:50.289Z
2024-09-09 15:16:57 [INFO]: Request from Guest at ::1 - PATCH /api/v1/auth/change-password - 2024-09-09T12:16:57.950Z
2024-09-09 18:16:57 [INFO]: Request from Guest at ::1 - POST /api/v1/auth/signup/agent - 2024-09-09T15:16:57.482Z
2024-09-09 19:38:02 [INFO]: Request from Guest at ::1 - GET /api/v1/orgAdmin/get-forms - 2024-09-09T16:38:02.598Z
2024-09-09 19:43:18 [INFO]: Request from Guest at ::1 - GET /api/v1/orgAdmin/get-forms - 2024-09-09T16:43:18.276Z
2024-09-09 19:53:28 [INFO]: Request from Guest at ::1 - POST /api/v1/auth/login/ - 2024-09-09T16:53:28.282Z
2024-09-09 19:53:28 [ERROR]: Error in request from Guest at ::1 - POST /api/v1/auth/login/ - 2024-09-09T16:53:28.762Z - Error: incorrect email or password 
2024-09-09 19:56:08 [INFO]: Request from Guest at ::1 - POST /api/v1/auth/login/ - 2024-09-09T16:56:08.736Z
2024-09-09 19:56:09 [ERROR]: Error in request from Guest at ::1 - POST /api/v1/auth/login/ - 2024-09-09T16:56:09.206Z - Error: incorrect email or password 
2024-09-09 19:56:17 [INFO]: Request from Guest at ::1 - POST /api/v1/auth/login/ - 2024-09-09T16:56:17.694Z
2024-09-09 23:25:23 [INFO]: Request from Guest at ::1 - GET /api/v1/auth/get-profile - 2024-09-09T20:25:23.340Z
2024-09-09 23:25:23 [ERROR]: Error in request from Guest at ::1 - GET /api/v1/auth/get-profile - 2024-09-09T20:25:23.353Z - Error: You are not logged in
2024-09-09 23:26:10 [INFO]: Request from Guest at ::1 - GET /api/v1/auth/get-profile - 2024-09-09T20:26:10.789Z
2024-09-09 23:26:11 [ERROR]: Error in request from Guest at ::1 - GET /api/v1/auth/get-profile - 2024-09-09T20:26:11.867Z - Error: getaddrinfo ENOTFOUND dpg-crfipurgbbvc73c5evf0-a
2024-09-09 23:34:47 [INFO]: Request from Guest at ::1 - GET /api/v1/auth/get-profile - 2024-09-09T20:34:47.517Z
2024-09-09 23:34:47 [ERROR]: Error in request from undefined at ::1 - GET /api/v1/auth/get-profile - 2024-09-09T20:34:47.843Z - Error: Assignment to constant variable.
2024-09-09 23:35:48 [INFO]: Request from Guest at ::1 - GET /api/v1/auth/get-profile - 2024-09-09T20:35:48.783Z
2024-09-09 23:36:27 [INFO]: Request from Guest at ::1 - GET /api/v1/auth/get-profile - 2024-09-09T20:36:27.925Z
2024-09-09 23:39:16 [INFO]: Request from Guest at ::1 - GET /api/v1/auth/get-profile - 2024-09-09T20:39:16.217Z
2024-09-09 23:40:01 [INFO]: Request from Guest at ::1 - GET /api/v1/auth/get-profile - 2024-09-09T20:40:01.723Z
2024-09-09 23:40:31 [INFO]: Request from Guest at ::1 - GET /api/v1/auth/get-profile - 2024-09-09T20:40:31.791Z
2024-09-09 23:40:58 [INFO]: Request from Guest at ::1 - GET /api/v1/auth/get-profile - 2024-09-09T20:40:58.147Z
2024-09-09 23:41:19 [INFO]: Request from Guest at ::1 - GET /api/v1/auth/get-profile - 2024-09-09T20:41:19.664Z
2024-09-09 23:41:40 [INFO]: Request from Guest at ::1 - GET /api/v1/auth/get-profile - 2024-09-09T20:41:40.966Z
